2021-07-28 02:32:37,983 [Worker-0: Loading available Gradle versions] INFO  o.e.b.c.i.u.g.PublishedGradleVersions - Gradle version information cache is out-of-date. Trying to update.
2021-07-28 02:35:05,864 [Worker-4: Loading available Gradle versions] INFO  o.e.b.c.i.u.g.PublishedGradleVersions - Gradle version information cache is up-to-date. Trying to read.
2021-07-28 02:36:31,300 [Worker-4: Loading available Gradle versions] INFO  o.e.b.c.i.u.g.PublishedGradleVersions - Gradle version information cache is up-to-date. Trying to read.
2021-07-28 02:38:32,636 [Worker-3: Loading available Gradle versions] INFO  o.e.b.c.i.u.g.PublishedGradleVersions - Gradle version information cache is up-to-date. Trying to read.
2021-07-28 02:39:23,248 [Worker-1: Loading available Gradle versions] INFO  o.e.b.c.i.u.g.PublishedGradleVersions - Gradle version information cache is up-to-date. Trying to read.
2021-07-28 02:39:56,891 [Worker-1: Loading available Gradle versions] INFO  o.e.b.c.i.u.g.PublishedGradleVersions - Gradle version information cache is up-to-date. Trying to read.
2021-07-28 02:40:17,380 [Worker-7: Loading available Gradle versions] INFO  o.e.b.c.i.u.g.PublishedGradleVersions - Gradle version information cache is up-to-date. Trying to read.
2021-07-28 02:41:01,827 [Worker-8: Loading available Gradle versions] INFO  o.e.b.c.i.u.g.PublishedGradleVersions - Gradle version information cache is up-to-date. Trying to read.
2021-07-28 02:42:05,939 [Worker-2: Loading available Gradle versions] INFO  o.e.b.c.i.u.g.PublishedGradleVersions - Gradle version information cache is up-to-date. Trying to read.
2021-07-28 02:43:25,420 [Worker-20: Importing Maven projects] INFO  o.e.m.c.i.l.LifecycleMappingFactory - Using org.eclipse.m2e.jdt.JarLifecycleMapping lifecycle mapping for MavenProject: com.eventoapp:eventoapp:0.0.1-SNAPSHOT @ C:\Users\rafae\Videos\Projeto-Eventos\eventosapp2\pom.xml.
2021-07-28 02:43:34,223 [Worker-20: Importing Maven projects] INFO  o.e.m.j.i.AbstractJavaProjectConfigurator - Adding source folder /eventoapp/src/main/java
2021-07-28 02:43:34,223 [Worker-20: Importing Maven projects] INFO  o.e.m.j.i.AbstractJavaProjectConfigurator - Adding resource folder /eventoapp/src/main/resources
2021-07-28 02:43:34,223 [Worker-20: Importing Maven projects] INFO  o.e.m.j.i.AbstractJavaProjectConfigurator - Adding resource folder /eventoapp/src/main/resources
2021-07-28 02:43:34,229 [Worker-20: Importing Maven projects] INFO  o.e.m.j.i.AbstractJavaProjectConfigurator - Adding source folder /eventoapp/src/test/java
2021-07-28 02:43:34,603 [Worker-15: Download sources and javadoc] INFO  o.e.m.c.i.e.AbstractTransferListenerAdapter - Downloading https://repo.maven.apache.org/maven2/org/springframework/boot/spring-boot-starter-thymeleaf/2.5.3/spring-boot-starter-thymeleaf-2.5.3-sources.jar
2021-07-28 02:43:34,618 [Worker-20: Importing Maven projects] INFO  o.e.m.c.i.p.ProjectConfigurationManager - Imported and configured 1 project(s) in 16 sec
2021-07-28 02:43:34,773 [Worker-15: Download sources and javadoc] INFO  o.e.m.c.i.e.AbstractTransferListenerAdapter - Downloaded https://repo.maven.apache.org/maven2/org/springframework/boot/spring-boot-starter-thymeleaf/2.5.3/spring-boot-starter-thymeleaf-2.5.3-sources.jar
2021-07-28 02:43:35,053 [Worker-15: Download sources and javadoc] INFO  o.e.m.j.internal.DownloadSourcesJob - Downloaded sources for org.springframework.boot:spring-boot-starter-thymeleaf:2.5.3
2021-07-28 02:43:35,413 [Worker-15: Download sources and javadoc] INFO  o.e.m.c.i.e.AbstractTransferListenerAdapter - Downloading https://repo.maven.apache.org/maven2/org/thymeleaf/thymeleaf-spring5/3.0.12.RELEASE/thymeleaf-spring5-3.0.12.RELEASE-sources.jar
2021-07-28 02:43:35,716 [Worker-15: Download sources and javadoc] INFO  o.e.m.c.i.e.AbstractTransferListenerAdapter - Downloaded https://repo.maven.apache.org/maven2/org/thymeleaf/thymeleaf-spring5/3.0.12.RELEASE/thymeleaf-spring5-3.0.12.RELEASE-sources.jar
2021-07-28 02:43:35,767 [Worker-0: Building] INFO  o.e.m.c.i.embedder.EclipseLogger - Using 'UTF-8' encoding to copy filtered resources.
2021-07-28 02:43:35,767 [Worker-0: Building] INFO  o.e.m.c.i.embedder.EclipseLogger - Using 'UTF-8' encoding to copy filtered properties files.
2021-07-28 02:43:35,787 [Worker-0: Building] INFO  o.e.m.c.i.embedder.EclipseLogger - Copying 1 resource
2021-07-28 02:43:35,820 [Worker-15: Download sources and javadoc] INFO  o.e.m.j.internal.DownloadSourcesJob - Downloaded sources for org.thymeleaf:thymeleaf-spring5:3.0.12.RELEASE
2021-07-28 02:43:35,826 [Worker-0: Building] INFO  o.e.m.c.i.embedder.EclipseLogger - Copying 2 resources
2021-07-28 02:43:35,870 [Worker-0: Building] INFO  o.e.m.c.i.embedder.EclipseLogger - Using 'UTF-8' encoding to copy filtered resources.
2021-07-28 02:43:35,870 [Worker-0: Building] INFO  o.e.m.c.i.embedder.EclipseLogger - Using 'UTF-8' encoding to copy filtered properties files.
2021-07-28 02:43:35,870 [Worker-0: Building] INFO  o.e.m.c.i.embedder.EclipseLogger - skip non existing resourceDirectory C:\Users\rafae\Videos\Projeto-Eventos\eventosapp2\src\test\resources
2021-07-28 02:43:36,183 [Worker-15: Download sources and javadoc] INFO  o.e.m.c.i.e.AbstractTransferListenerAdapter - Downloading https://repo.maven.apache.org/maven2/org/thymeleaf/thymeleaf/3.0.12.RELEASE/thymeleaf-3.0.12.RELEASE-sources.jar
2021-07-28 02:43:36,754 [Worker-15: Download sources and javadoc] INFO  o.e.m.c.i.e.AbstractTransferListenerAdapter - Downloaded https://repo.maven.apache.org/maven2/org/thymeleaf/thymeleaf/3.0.12.RELEASE/thymeleaf-3.0.12.RELEASE-sources.jar
2021-07-28 02:43:36,846 [Worker-15: Download sources and javadoc] INFO  o.e.m.j.internal.DownloadSourcesJob - Downloaded sources for org.thymeleaf:thymeleaf:3.0.12.RELEASE
2021-07-28 02:43:37,193 [Worker-15: Download sources and javadoc] INFO  o.e.m.c.i.e.AbstractTransferListenerAdapter - Downloading https://repo.maven.apache.org/maven2/org/attoparser/attoparser/2.0.5.RELEASE/attoparser-2.0.5.RELEASE-sources.jar
2021-07-28 02:43:37,495 [Worker-15: Download sources and javadoc] INFO  o.e.m.c.i.e.AbstractTransferListenerAdapter - Downloaded https://repo.maven.apache.org/maven2/org/attoparser/attoparser/2.0.5.RELEASE/attoparser-2.0.5.RELEASE-sources.jar
2021-07-28 02:43:37,557 [Worker-15: Download sources and javadoc] INFO  o.e.m.j.internal.DownloadSourcesJob - Downloaded sources for org.attoparser:attoparser:2.0.5.RELEASE
2021-07-28 02:43:37,912 [Worker-15: Download sources and javadoc] INFO  o.e.m.c.i.e.AbstractTransferListenerAdapter - Downloading https://repo.maven.apache.org/maven2/org/unbescape/unbescape/1.1.6.RELEASE/unbescape-1.1.6.RELEASE-sources.jar
2021-07-28 02:43:38,205 [Worker-15: Download sources and javadoc] INFO  o.e.m.c.i.e.AbstractTransferListenerAdapter - Downloaded https://repo.maven.apache.org/maven2/org/unbescape/unbescape/1.1.6.RELEASE/unbescape-1.1.6.RELEASE-sources.jar
2021-07-28 02:43:38,250 [Worker-15: Download sources and javadoc] INFO  o.e.m.j.internal.DownloadSourcesJob - Downloaded sources for org.unbescape:unbescape:1.1.6.RELEASE
2021-07-28 02:43:38,604 [Worker-15: Download sources and javadoc] INFO  o.e.m.c.i.e.AbstractTransferListenerAdapter - Downloading https://repo.maven.apache.org/maven2/org/thymeleaf/extras/thymeleaf-extras-java8time/3.0.4.RELEASE/thymeleaf-extras-java8time-3.0.4.RELEASE-sources.jar
2021-07-28 02:43:38,797 [Worker-15: Download sources and javadoc] INFO  o.e.m.c.i.e.AbstractTransferListenerAdapter - Downloaded https://repo.maven.apache.org/maven2/org/thymeleaf/extras/thymeleaf-extras-java8time/3.0.4.RELEASE/thymeleaf-extras-java8time-3.0.4.RELEASE-sources.jar
2021-07-28 02:43:38,957 [Worker-15: Download sources and javadoc] INFO  o.e.m.j.internal.DownloadSourcesJob - Downloaded sources for org.thymeleaf.extras:thymeleaf-extras-java8time:3.0.4.RELEASE
2021-07-28 02:43:39,294 [Worker-15: Download sources and javadoc] INFO  o.e.m.c.i.e.AbstractTransferListenerAdapter - Downloading https://repo.maven.apache.org/maven2/org/postgresql/postgresql/42.2.23/postgresql-42.2.23-sources.jar
2021-07-28 02:43:39,846 [Worker-15: Download sources and javadoc] INFO  o.e.m.c.i.e.AbstractTransferListenerAdapter - Downloaded https://repo.maven.apache.org/maven2/org/postgresql/postgresql/42.2.23/postgresql-42.2.23-sources.jar
2021-07-28 02:43:39,896 [Worker-15: Download sources and javadoc] INFO  o.e.m.j.internal.DownloadSourcesJob - Downloaded sources for org.postgresql:postgresql:42.2.23
2021-07-28 02:43:40,249 [Worker-15: Download sources and javadoc] INFO  o.e.m.c.i.e.AbstractTransferListenerAdapter - Downloading https://repo.maven.apache.org/maven2/org/checkerframework/checker-qual/3.5.0/checker-qual-3.5.0-sources.jar
2021-07-28 02:43:40,554 [Worker-15: Download sources and javadoc] INFO  o.e.m.c.i.e.AbstractTransferListenerAdapter - Downloaded https://repo.maven.apache.org/maven2/org/checkerframework/checker-qual/3.5.0/checker-qual-3.5.0-sources.jar
2021-07-28 02:43:40,601 [Worker-15: Download sources and javadoc] INFO  o.e.m.j.internal.DownloadSourcesJob - Downloaded sources for org.checkerframework:checker-qual:3.5.0
2021-07-28 02:43:40,939 [Worker-15: Download sources and javadoc] INFO  o.e.m.c.i.e.AbstractTransferListenerAdapter - Downloading https://repo.maven.apache.org/maven2/mysql/mysql-connector-java/8.0.26/mysql-connector-java-8.0.26-sources.jar
2021-07-28 02:43:41,591 [Worker-15: Download sources and javadoc] INFO  o.e.m.c.i.e.AbstractTransferListenerAdapter - Downloaded https://repo.maven.apache.org/maven2/mysql/mysql-connector-java/8.0.26/mysql-connector-java-8.0.26-sources.jar
2021-07-28 02:43:41,680 [Worker-15: Download sources and javadoc] INFO  o.e.m.j.internal.DownloadSourcesJob - Downloaded sources for mysql:mysql-connector-java:8.0.26
2021-07-28 02:43:41,685 [Worker-15: Download sources and javadoc] INFO  o.e.m.j.internal.DownloadSourcesJob - Downloaded sources for org.springframework.boot:spring-boot-starter-thymeleaf:2.5.3
2021-07-28 02:43:41,689 [Worker-15: Download sources and javadoc] INFO  o.e.m.j.internal.DownloadSourcesJob - Downloaded sources for org.thymeleaf:thymeleaf-spring5:3.0.12.RELEASE
2021-07-28 02:43:41,693 [Worker-15: Download sources and javadoc] INFO  o.e.m.j.internal.DownloadSourcesJob - Downloaded sources for org.thymeleaf:thymeleaf:3.0.12.RELEASE
2021-07-28 02:43:41,697 [Worker-15: Download sources and javadoc] INFO  o.e.m.j.internal.DownloadSourcesJob - Downloaded sources for org.attoparser:attoparser:2.0.5.RELEASE
2021-07-28 02:43:41,703 [Worker-15: Download sources and javadoc] INFO  o.e.m.j.internal.DownloadSourcesJob - Downloaded sources for org.unbescape:unbescape:1.1.6.RELEASE
2021-07-28 02:43:41,707 [Worker-15: Download sources and javadoc] INFO  o.e.m.j.internal.DownloadSourcesJob - Downloaded sources for org.thymeleaf.extras:thymeleaf-extras-java8time:3.0.4.RELEASE
2021-07-28 02:43:41,711 [Worker-15: Download sources and javadoc] INFO  o.e.m.j.internal.DownloadSourcesJob - Downloaded sources for org.postgresql:postgresql:42.2.23
2021-07-28 02:43:41,716 [Worker-15: Download sources and javadoc] INFO  o.e.m.j.internal.DownloadSourcesJob - Downloaded sources for org.checkerframework:checker-qual:3.5.0
2021-07-28 02:43:41,721 [Worker-15: Download sources and javadoc] INFO  o.e.m.j.internal.DownloadSourcesJob - Downloaded sources for mysql:mysql-connector-java:8.0.26
2021-07-28 02:43:42,190 [Worker-8: Building] INFO  o.e.m.c.i.embedder.EclipseLogger - Using 'UTF-8' encoding to copy filtered resources.
2021-07-28 02:43:42,191 [Worker-8: Building] INFO  o.e.m.c.i.embedder.EclipseLogger - Using 'UTF-8' encoding to copy filtered properties files.
2021-07-28 02:43:42,192 [Worker-8: Building] INFO  o.e.m.c.i.embedder.EclipseLogger - Copying 0 resource
2021-07-28 02:43:42,192 [Worker-8: Building] INFO  o.e.m.c.i.embedder.EclipseLogger - Copying 0 resource
2021-07-28 02:43:42,194 [Worker-8: Building] INFO  o.e.m.c.i.embedder.EclipseLogger - Using 'UTF-8' encoding to copy filtered resources.
2021-07-28 02:43:42,194 [Worker-8: Building] INFO  o.e.m.c.i.embedder.EclipseLogger - Using 'UTF-8' encoding to copy filtered properties files.
2021-07-28 02:43:42,194 [Worker-8: Building] INFO  o.e.m.c.i.embedder.EclipseLogger - skip non existing resourceDirectory C:\Users\rafae\Videos\Projeto-Eventos\eventosapp2\src\test\resources
2021-07-28 02:44:32,041 [Worker-14: Building] INFO  o.e.m.c.i.embedder.EclipseLogger - Using 'UTF-8' encoding to copy filtered resources.
2021-07-28 02:44:32,041 [Worker-14: Building] INFO  o.e.m.c.i.embedder.EclipseLogger - Using 'UTF-8' encoding to copy filtered properties files.
2021-07-28 02:44:32,041 [Worker-14: Building] INFO  o.e.m.c.i.embedder.EclipseLogger - Copying 0 resource
2021-07-28 02:44:32,041 [Worker-14: Building] INFO  o.e.m.c.i.embedder.EclipseLogger - Copying 0 resource
2021-07-28 02:44:32,049 [Worker-14: Building] INFO  o.e.m.c.i.embedder.EclipseLogger - Using 'UTF-8' encoding to copy filtered resources.
2021-07-28 02:44:32,049 [Worker-14: Building] INFO  o.e.m.c.i.embedder.EclipseLogger - Using 'UTF-8' encoding to copy filtered properties files.
2021-07-28 02:44:32,049 [Worker-14: Building] INFO  o.e.m.c.i.embedder.EclipseLogger - skip non existing resourceDirectory C:\Users\rafae\Videos\Projeto-Eventos\eventosapp2\src\test\resources
2021-07-28 02:45:51,298 [Worker-8: Building] INFO  o.e.m.c.i.l.LifecycleMappingFactory - Using org.eclipse.m2e.jdt.JarLifecycleMapping lifecycle mapping for MavenProject: com.eventoapp:eventoapp:0.0.1-SNAPSHOT @ C:\Users\rafae\Videos\Projeto-Eventos\eventosapp2\pom.xml.
2021-07-28 02:45:51,836 [Worker-8: Building] INFO  o.e.m.c.i.embedder.EclipseLogger - Using 'UTF-8' encoding to copy filtered resources.
2021-07-28 02:45:51,836 [Worker-8: Building] INFO  o.e.m.c.i.embedder.EclipseLogger - Using 'UTF-8' encoding to copy filtered properties files.
2021-07-28 02:45:51,839 [Worker-8: Building] INFO  o.e.m.c.i.embedder.EclipseLogger - Copying 0 resource
2021-07-28 02:45:51,840 [Worker-8: Building] INFO  o.e.m.c.i.embedder.EclipseLogger - Copying 0 resource
2021-07-28 02:45:51,843 [Worker-8: Building] INFO  o.e.m.c.i.embedder.EclipseLogger - Using 'UTF-8' encoding to copy filtered resources.
2021-07-28 02:45:51,843 [Worker-8: Building] INFO  o.e.m.c.i.embedder.EclipseLogger - Using 'UTF-8' encoding to copy filtered properties files.
2021-07-28 02:45:51,844 [Worker-8: Building] INFO  o.e.m.c.i.embedder.EclipseLogger - skip non existing resourceDirectory C:\Users\rafae\Videos\Projeto-Eventos\eventosapp2\src\test\resources
2021-07-28 02:45:53,841 [Worker-19: Building] INFO  o.e.m.c.i.embedder.EclipseLogger - Using 'UTF-8' encoding to copy filtered resources.
2021-07-28 02:45:53,841 [Worker-19: Building] INFO  o.e.m.c.i.embedder.EclipseLogger - Using 'UTF-8' encoding to copy filtered properties files.
2021-07-28 02:45:53,841 [Worker-19: Building] INFO  o.e.m.c.i.embedder.EclipseLogger - Copying 1 resource
2021-07-28 02:45:53,863 [Worker-19: Building] INFO  o.e.m.c.i.embedder.EclipseLogger - Copying 2 resources
2021-07-28 02:45:53,879 [Worker-19: Building] INFO  o.e.m.c.i.embedder.EclipseLogger - Using 'UTF-8' encoding to copy filtered resources.
2021-07-28 02:45:53,879 [Worker-19: Building] INFO  o.e.m.c.i.embedder.EclipseLogger - Using 'UTF-8' encoding to copy filtered properties files.
2021-07-28 02:45:53,879 [Worker-19: Building] INFO  o.e.m.c.i.embedder.EclipseLogger - skip non existing resourceDirectory C:\Users\rafae\Videos\Projeto-Eventos\eventosapp2\src\test\resources
2021-07-28 02:50:00,228 [Worker-22: Launching Executing install in C__Users_rafae_Videos_Projeto-Eventos_eventosapp2] INFO  o.e.m.i.launch.MavenLaunchDelegate - C:\Users\rafae\Videos\Projeto-Eventos\eventosapp2
2021-07-28 02:50:00,228 [Worker-22: Launching Executing install in C__Users_rafae_Videos_Projeto-Eventos_eventosapp2] INFO  o.e.m.i.launch.MavenLaunchDelegate -  mvn -B install
2021-07-28 02:50:07,793 [Worker-14: Building] INFO  o.e.m.c.i.embedder.EclipseLogger - Using 'UTF-8' encoding to copy filtered resources.
2021-07-28 02:50:07,793 [Worker-14: Building] INFO  o.e.m.c.i.embedder.EclipseLogger - Using 'UTF-8' encoding to copy filtered properties files.
2021-07-28 02:50:07,793 [Worker-14: Building] INFO  o.e.m.c.i.embedder.EclipseLogger - Copying 0 resource
2021-07-28 02:50:07,793 [Worker-14: Building] INFO  o.e.m.c.i.embedder.EclipseLogger - Copying 0 resource
2021-07-28 02:50:07,793 [Worker-14: Building] INFO  o.e.m.c.i.embedder.EclipseLogger - Using 'UTF-8' encoding to copy filtered resources.
2021-07-28 02:50:07,793 [Worker-14: Building] INFO  o.e.m.c.i.embedder.EclipseLogger - Using 'UTF-8' encoding to copy filtered properties files.
2021-07-28 02:50:07,809 [Worker-14: Building] INFO  o.e.m.c.i.embedder.EclipseLogger - skip non existing resourceDirectory C:\Users\rafae\Videos\Projeto-Eventos\eventosapp2\src\test\resources
2021-07-28 02:50:39,201 [Worker-23: Launching Executing clean in C__Users_rafae_Videos_Projeto-Eventos_eventosapp2] INFO  o.e.m.i.launch.MavenLaunchDelegate - C:\Users\rafae\Videos\Projeto-Eventos\eventosapp2
2021-07-28 02:50:39,201 [Worker-23: Launching Executing clean in C__Users_rafae_Videos_Projeto-Eventos_eventosapp2] INFO  o.e.m.i.launch.MavenLaunchDelegate -  mvn -B clean
2021-07-28 02:50:41,444 [Worker-14: Building] INFO  o.e.m.c.i.embedder.EclipseLogger - Using 'UTF-8' encoding to copy filtered resources.
2021-07-28 02:50:41,445 [Worker-14: Building] INFO  o.e.m.c.i.embedder.EclipseLogger - Using 'UTF-8' encoding to copy filtered properties files.
2021-07-28 02:50:41,447 [Worker-14: Building] INFO  o.e.m.c.i.embedder.EclipseLogger - Copying 1 resource
2021-07-28 02:50:41,452 [Worker-14: Building] INFO  o.e.m.c.i.embedder.EclipseLogger - Copying 2 resources
2021-07-28 02:50:41,462 [Worker-14: Building] INFO  o.e.m.c.i.embedder.EclipseLogger - Using 'UTF-8' encoding to copy filtered resources.
2021-07-28 02:50:41,462 [Worker-14: Building] INFO  o.e.m.c.i.embedder.EclipseLogger - Using 'UTF-8' encoding to copy filtered properties files.
2021-07-28 02:50:41,463 [Worker-14: Building] INFO  o.e.m.c.i.embedder.EclipseLogger - skip non existing resourceDirectory C:\Users\rafae\Videos\Projeto-Eventos\eventosapp2\src\test\resources
2021-07-28 02:50:51,064 [Worker-0: Launching Executing test in C__Users_rafae_Videos_Projeto-Eventos_eventosapp2] INFO  o.e.m.i.launch.MavenLaunchDelegate - C:\Users\rafae\Videos\Projeto-Eventos\eventosapp2
2021-07-28 02:50:51,064 [Worker-0: Launching Executing test in C__Users_rafae_Videos_Projeto-Eventos_eventosapp2] INFO  o.e.m.i.launch.MavenLaunchDelegate -  mvn -B test
2021-07-28 02:50:59,600 [Worker-26: Building] INFO  o.e.m.c.i.embedder.EclipseLogger - Using 'UTF-8' encoding to copy filtered resources.
2021-07-28 02:50:59,600 [Worker-26: Building] INFO  o.e.m.c.i.embedder.EclipseLogger - Using 'UTF-8' encoding to copy filtered properties files.
2021-07-28 02:50:59,600 [Worker-26: Building] INFO  o.e.m.c.i.embedder.EclipseLogger - Copying 1 resource
2021-07-28 02:50:59,600 [Worker-26: Building] INFO  o.e.m.c.i.embedder.EclipseLogger - Copying 2 resources
2021-07-28 02:50:59,600 [Worker-26: Building] INFO  o.e.m.c.i.embedder.EclipseLogger - Using 'UTF-8' encoding to copy filtered resources.
2021-07-28 02:50:59,600 [Worker-26: Building] INFO  o.e.m.c.i.embedder.EclipseLogger - Using 'UTF-8' encoding to copy filtered properties files.
2021-07-28 02:50:59,600 [Worker-26: Building] INFO  o.e.m.c.i.embedder.EclipseLogger - skip non existing resourceDirectory C:\Users\rafae\Videos\Projeto-Eventos\eventosapp2\src\test\resources
2021-07-28 02:51:09,567 [Worker-0: Launching Executing install in C__Users_rafae_Videos_Projeto-Eventos_eventosapp2] INFO  o.e.m.i.launch.MavenLaunchDelegate - C:\Users\rafae\Videos\Projeto-Eventos\eventosapp2
2021-07-28 02:51:09,567 [Worker-0: Launching Executing install in C__Users_rafae_Videos_Projeto-Eventos_eventosapp2] INFO  o.e.m.i.launch.MavenLaunchDelegate -  mvn -B install
2021-07-28 02:51:16,746 [Worker-0: Building] INFO  o.e.m.c.i.embedder.EclipseLogger - Using 'UTF-8' encoding to copy filtered resources.
2021-07-28 02:51:16,746 [Worker-0: Building] INFO  o.e.m.c.i.embedder.EclipseLogger - Using 'UTF-8' encoding to copy filtered properties files.
2021-07-28 02:51:16,746 [Worker-0: Building] INFO  o.e.m.c.i.embedder.EclipseLogger - Copying 0 resource
2021-07-28 02:51:16,746 [Worker-0: Building] INFO  o.e.m.c.i.embedder.EclipseLogger - Copying 0 resource
2021-07-28 02:51:16,746 [Worker-0: Building] INFO  o.e.m.c.i.embedder.EclipseLogger - Using 'UTF-8' encoding to copy filtered resources.
2021-07-28 02:51:16,746 [Worker-0: Building] INFO  o.e.m.c.i.embedder.EclipseLogger - Using 'UTF-8' encoding to copy filtered properties files.
2021-07-28 02:51:16,746 [Worker-0: Building] INFO  o.e.m.c.i.embedder.EclipseLogger - skip non existing resourceDirectory C:\Users\rafae\Videos\Projeto-Eventos\eventosapp2\src\test\resources
2021-07-28 02:51:24,241 [main] INFO  o.e.m2e.actions.ExecutePomAction - Creating new launch configuration
2021-07-28 02:53:28,733 [Worker-19: Launching Executing clean in C__Users_rafae_Videos_Projeto-Eventos_eventosapp2] INFO  o.e.m.i.launch.MavenLaunchDelegate - C:\Users\rafae\Videos\Projeto-Eventos\eventosapp2
2021-07-28 02:53:28,733 [Worker-19: Launching Executing clean in C__Users_rafae_Videos_Projeto-Eventos_eventosapp2] INFO  o.e.m.i.launch.MavenLaunchDelegate -  mvn -B clean
2021-07-28 02:53:30,900 [Worker-14: Building] INFO  o.e.m.c.i.embedder.EclipseLogger - Using 'UTF-8' encoding to copy filtered resources.
2021-07-28 02:53:30,900 [Worker-14: Building] INFO  o.e.m.c.i.embedder.EclipseLogger - Using 'UTF-8' encoding to copy filtered properties files.
2021-07-28 02:53:30,901 [Worker-14: Building] INFO  o.e.m.c.i.embedder.EclipseLogger - Copying 1 resource
2021-07-28 02:53:30,903 [Worker-14: Building] INFO  o.e.m.c.i.embedder.EclipseLogger - Copying 2 resources
2021-07-28 02:53:30,911 [Worker-14: Building] INFO  o.e.m.c.i.embedder.EclipseLogger - Using 'UTF-8' encoding to copy filtered resources.
2021-07-28 02:53:30,911 [Worker-14: Building] INFO  o.e.m.c.i.embedder.EclipseLogger - Using 'UTF-8' encoding to copy filtered properties files.
2021-07-28 02:53:30,911 [Worker-14: Building] INFO  o.e.m.c.i.embedder.EclipseLogger - skip non existing resourceDirectory C:\Users\rafae\Videos\Projeto-Eventos\eventosapp2\src\test\resources
2021-07-28 02:53:44,325 [Worker-14: Launching Executing install in C__Users_rafae_Videos_Projeto-Eventos_eventosapp2] INFO  o.e.m.i.launch.MavenLaunchDelegate - C:\Users\rafae\Videos\Projeto-Eventos\eventosapp2
2021-07-28 02:53:44,325 [Worker-14: Launching Executing install in C__Users_rafae_Videos_Projeto-Eventos_eventosapp2] INFO  o.e.m.i.launch.MavenLaunchDelegate -  mvn -B install
2021-07-28 02:53:52,852 [Worker-19: Building] INFO  o.e.m.c.i.embedder.EclipseLogger - Using 'UTF-8' encoding to copy filtered resources.
2021-07-28 02:53:52,852 [Worker-19: Building] INFO  o.e.m.c.i.embedder.EclipseLogger - Using 'UTF-8' encoding to copy filtered properties files.
2021-07-28 02:53:52,853 [Worker-19: Building] INFO  o.e.m.c.i.embedder.EclipseLogger - Copying 1 resource
2021-07-28 02:53:52,859 [Worker-19: Building] INFO  o.e.m.c.i.embedder.EclipseLogger - Copying 2 resources
2021-07-28 02:53:52,862 [Worker-19: Building] INFO  o.e.m.c.i.embedder.EclipseLogger - Using 'UTF-8' encoding to copy filtered resources.
2021-07-28 02:53:52,863 [Worker-19: Building] INFO  o.e.m.c.i.embedder.EclipseLogger - Using 'UTF-8' encoding to copy filtered properties files.
2021-07-28 02:53:52,863 [Worker-19: Building] INFO  o.e.m.c.i.embedder.EclipseLogger - skip non existing resourceDirectory C:\Users\rafae\Videos\Projeto-Eventos\eventosapp2\src\test\resources
2021-07-28 02:54:08,163 [Worker-14: Updating Maven Project] INFO  o.e.m.c.i.p.ProjectConfigurationManager - Update started
2021-07-28 02:54:08,665 [Worker-14: Updating Maven Project] INFO  o.e.m.c.i.l.LifecycleMappingFactory - Using org.eclipse.m2e.jdt.JarLifecycleMapping lifecycle mapping for MavenProject: com.eventoapp:eventoapp:0.0.1-SNAPSHOT @ C:\Users\rafae\Videos\Projeto-Eventos\eventosapp2\pom.xml.
2021-07-28 02:54:09,245 [Worker-14: Updating Maven Project] INFO  o.e.m.j.i.AbstractJavaProjectConfigurator - Adding source folder /eventoapp/src/main/java
2021-07-28 02:54:09,245 [Worker-14: Updating Maven Project] INFO  o.e.m.j.i.AbstractJavaProjectConfigurator - Adding resource folder /eventoapp/src/main/resources
2021-07-28 02:54:09,246 [Worker-14: Updating Maven Project] INFO  o.e.m.j.i.AbstractJavaProjectConfigurator - Adding resource folder /eventoapp/src/main/resources
2021-07-28 02:54:09,247 [Worker-14: Updating Maven Project] INFO  o.e.m.j.i.AbstractJavaProjectConfigurator - Adding source folder /eventoapp/src/test/java
2021-07-28 02:54:09,548 [Worker-14: Updating Maven Project] INFO  o.e.m.c.i.p.ProjectConfigurationManager - Update completed: 1 sec
2021-07-28 02:54:10,212 [Worker-27: Building] INFO  o.e.m.c.i.embedder.EclipseLogger - Using 'UTF-8' encoding to copy filtered resources.
2021-07-28 02:54:10,213 [Worker-27: Building] INFO  o.e.m.c.i.embedder.EclipseLogger - Using 'UTF-8' encoding to copy filtered properties files.
2021-07-28 02:54:10,214 [Worker-27: Building] INFO  o.e.m.c.i.embedder.EclipseLogger - Copying 1 resource
2021-07-28 02:54:10,234 [Worker-27: Building] INFO  o.e.m.c.i.embedder.EclipseLogger - Copying 2 resources
2021-07-28 02:54:10,244 [Worker-27: Building] INFO  o.e.m.c.i.embedder.EclipseLogger - Using 'UTF-8' encoding to copy filtered resources.
2021-07-28 02:54:10,244 [Worker-27: Building] INFO  o.e.m.c.i.embedder.EclipseLogger - Using 'UTF-8' encoding to copy filtered properties files.
2021-07-28 02:54:10,244 [Worker-27: Building] INFO  o.e.m.c.i.embedder.EclipseLogger - skip non existing resourceDirectory C:\Users\rafae\Videos\Projeto-Eventos\eventosapp2\src\test\resources
2021-07-28 02:54:15,122 [Worker-14: Launching Executing clean in C__Users_rafae_Videos_Projeto-Eventos_eventosapp2] INFO  o.e.m.i.launch.MavenLaunchDelegate - C:\Users\rafae\Videos\Projeto-Eventos\eventosapp2
2021-07-28 02:54:15,122 [Worker-14: Launching Executing clean in C__Users_rafae_Videos_Projeto-Eventos_eventosapp2] INFO  o.e.m.i.launch.MavenLaunchDelegate -  mvn -B clean
2021-07-28 02:54:17,547 [Worker-19: Building] INFO  o.e.m.c.i.embedder.EclipseLogger - Using 'UTF-8' encoding to copy filtered resources.
2021-07-28 02:54:17,547 [Worker-19: Building] INFO  o.e.m.c.i.embedder.EclipseLogger - Using 'UTF-8' encoding to copy filtered properties files.
2021-07-28 02:54:17,550 [Worker-19: Building] INFO  o.e.m.c.i.embedder.EclipseLogger - Copying 1 resource
2021-07-28 02:54:17,553 [Worker-19: Building] INFO  o.e.m.c.i.embedder.EclipseLogger - Copying 2 resources
2021-07-28 02:54:17,561 [Worker-19: Building] INFO  o.e.m.c.i.embedder.EclipseLogger - Using 'UTF-8' encoding to copy filtered resources.
2021-07-28 02:54:17,562 [Worker-19: Building] INFO  o.e.m.c.i.embedder.EclipseLogger - Using 'UTF-8' encoding to copy filtered properties files.
2021-07-28 02:54:17,562 [Worker-19: Building] INFO  o.e.m.c.i.embedder.EclipseLogger - skip non existing resourceDirectory C:\Users\rafae\Videos\Projeto-Eventos\eventosapp2\src\test\resources
2021-07-28 02:54:20,947 [Worker-27: Launching Executing install in C__Users_rafae_Videos_Projeto-Eventos_eventosapp2] INFO  o.e.m.i.launch.MavenLaunchDelegate - C:\Users\rafae\Videos\Projeto-Eventos\eventosapp2
2021-07-28 02:54:20,947 [Worker-27: Launching Executing install in C__Users_rafae_Videos_Projeto-Eventos_eventosapp2] INFO  o.e.m.i.launch.MavenLaunchDelegate -  mvn -B install
2021-07-28 02:54:29,211 [Worker-28: Building] INFO  o.e.m.c.i.embedder.EclipseLogger - Using 'UTF-8' encoding to copy filtered resources.
2021-07-28 02:54:29,211 [Worker-28: Building] INFO  o.e.m.c.i.embedder.EclipseLogger - Using 'UTF-8' encoding to copy filtered properties files.
2021-07-28 02:54:29,212 [Worker-28: Building] INFO  o.e.m.c.i.embedder.EclipseLogger - Copying 1 resource
2021-07-28 02:54:29,222 [Worker-28: Building] INFO  o.e.m.c.i.embedder.EclipseLogger - Copying 2 resources
2021-07-28 02:54:29,225 [Worker-28: Building] INFO  o.e.m.c.i.embedder.EclipseLogger - Using 'UTF-8' encoding to copy filtered resources.
2021-07-28 02:54:29,225 [Worker-28: Building] INFO  o.e.m.c.i.embedder.EclipseLogger - Using 'UTF-8' encoding to copy filtered properties files.
2021-07-28 02:54:29,225 [Worker-28: Building] INFO  o.e.m.c.i.embedder.EclipseLogger - skip non existing resourceDirectory C:\Users\rafae\Videos\Projeto-Eventos\eventosapp2\src\test\resources
2021-07-28 02:55:31,615 [Worker-19: Launching Executing install in C__Users_rafae_Videos_Projeto-Eventos_eventosapp2] INFO  o.e.m.i.launch.MavenLaunchDelegate - C:\Users\rafae\Videos\Projeto-Eventos\eventosapp2
2021-07-28 02:55:31,616 [Worker-19: Launching Executing install in C__Users_rafae_Videos_Projeto-Eventos_eventosapp2] INFO  o.e.m.i.launch.MavenLaunchDelegate -  mvn -B install
2021-07-28 02:55:31,616 [Worker-19: Launching Executing install in C__Users_rafae_Videos_Projeto-Eventos_eventosapp2] WARN  o.e.m.i.l.MavenLaunchExtensionsSupport - Unknown or unsupported source locator org.eclipse.jdt.internal.launching.sourcelookup.advanced.AdvancedSourceLookupDirector
2021-07-28 02:55:40,026 [Worker-28: Building] INFO  o.e.m.c.i.embedder.EclipseLogger - Using 'UTF-8' encoding to copy filtered resources.
2021-07-28 02:55:40,026 [Worker-28: Building] INFO  o.e.m.c.i.embedder.EclipseLogger - Using 'UTF-8' encoding to copy filtered properties files.
2021-07-28 02:55:40,027 [Worker-28: Building] INFO  o.e.m.c.i.embedder.EclipseLogger - Copying 0 resource
2021-07-28 02:55:40,027 [Worker-28: Building] INFO  o.e.m.c.i.embedder.EclipseLogger - Copying 0 resource
2021-07-28 02:55:40,028 [Worker-28: Building] INFO  o.e.m.c.i.embedder.EclipseLogger - Using 'UTF-8' encoding to copy filtered resources.
2021-07-28 02:55:40,028 [Worker-28: Building] INFO  o.e.m.c.i.embedder.EclipseLogger - Using 'UTF-8' encoding to copy filtered properties files.
2021-07-28 02:55:40,028 [Worker-28: Building] INFO  o.e.m.c.i.embedder.EclipseLogger - skip non existing resourceDirectory C:\Users\rafae\Videos\Projeto-Eventos\eventosapp2\src\test\resources
2021-07-28 02:56:08,994 [Worker-29: Launching Executing clean in C__Users_rafae_Videos_Projeto-Eventos_eventosapp2] INFO  o.e.m.i.launch.MavenLaunchDelegate - C:\Users\rafae\Videos\Projeto-Eventos\eventosapp2
2021-07-28 02:56:08,994 [Worker-29: Launching Executing clean in C__Users_rafae_Videos_Projeto-Eventos_eventosapp2] INFO  o.e.m.i.launch.MavenLaunchDelegate -  mvn -B clean
2021-07-28 02:56:41,797 [Worker-19: Updating Maven Project] INFO  o.e.m.c.i.p.ProjectConfigurationManager - Update started
2021-07-28 02:56:42,215 [Worker-19: Updating Maven Project] INFO  o.e.m.c.i.l.LifecycleMappingFactory - Using org.eclipse.m2e.jdt.JarLifecycleMapping lifecycle mapping for MavenProject: com.eventoapp:eventoapp:0.0.1-SNAPSHOT @ C:\Users\rafae\Videos\Projeto-Eventos\eventosapp2\pom.xml.
2021-07-28 02:56:43,007 [Worker-19: Updating Maven Project] INFO  o.e.m.j.i.AbstractJavaProjectConfigurator - Adding source folder /eventoapp/src/main/java
2021-07-28 02:56:43,007 [Worker-19: Updating Maven Project] INFO  o.e.m.j.i.AbstractJavaProjectConfigurator - Adding resource folder /eventoapp/src/main/resources
2021-07-28 02:56:43,007 [Worker-19: Updating Maven Project] INFO  o.e.m.j.i.AbstractJavaProjectConfigurator - Adding resource folder /eventoapp/src/main/resources
2021-07-28 02:56:43,008 [Worker-19: Updating Maven Project] INFO  o.e.m.j.i.AbstractJavaProjectConfigurator - Adding source folder /eventoapp/src/test/java
2021-07-28 02:56:43,179 [Worker-19: Updating Maven Project] INFO  o.e.m.c.i.p.ProjectConfigurationManager - Update completed: 1 sec
2021-07-28 02:56:43,796 [Worker-28: Building] INFO  o.e.m.c.i.embedder.EclipseLogger - Using 'UTF-8' encoding to copy filtered resources.
2021-07-28 02:56:43,796 [Worker-28: Building] INFO  o.e.m.c.i.embedder.EclipseLogger - Using 'UTF-8' encoding to copy filtered properties files.
2021-07-28 02:56:43,797 [Worker-28: Building] INFO  o.e.m.c.i.embedder.EclipseLogger - Copying 1 resource
2021-07-28 02:56:43,814 [Worker-28: Building] INFO  o.e.m.c.i.embedder.EclipseLogger - Copying 2 resources
2021-07-28 02:56:43,825 [Worker-28: Building] INFO  o.e.m.c.i.embedder.EclipseLogger - Using 'UTF-8' encoding to copy filtered resources.
2021-07-28 02:56:43,826 [Worker-28: Building] INFO  o.e.m.c.i.embedder.EclipseLogger - Using 'UTF-8' encoding to copy filtered properties files.
2021-07-28 02:56:43,826 [Worker-28: Building] INFO  o.e.m.c.i.embedder.EclipseLogger - skip non existing resourceDirectory C:\Users\rafae\Videos\Projeto-Eventos\eventosapp2\src\test\resources
2021-07-28 02:58:02,325 [Worker-28: Launching Executing install in C__Users_rafae_Videos_Projeto-Eventos_eventosapp2] INFO  o.e.m.i.launch.MavenLaunchDelegate - C:\Users\rafae\Videos\Projeto-Eventos\eventosapp2
2021-07-28 02:58:02,325 [Worker-28: Launching Executing install in C__Users_rafae_Videos_Projeto-Eventos_eventosapp2] INFO  o.e.m.i.launch.MavenLaunchDelegate -  mvn -B install
2021-07-28 02:58:13,041 [Worker-29: Building] INFO  o.e.m.c.i.embedder.EclipseLogger - Using 'UTF-8' encoding to copy filtered resources.
2021-07-28 02:58:13,041 [Worker-29: Building] INFO  o.e.m.c.i.embedder.EclipseLogger - Using 'UTF-8' encoding to copy filtered properties files.
2021-07-28 02:58:13,044 [Worker-29: Building] INFO  o.e.m.c.i.embedder.EclipseLogger - Copying 1 resource
2021-07-28 02:58:13,069 [Worker-29: Building] INFO  o.e.m.c.i.embedder.EclipseLogger - Copying 2 resources
2021-07-28 02:58:13,072 [Worker-29: Building] INFO  o.e.m.c.i.embedder.EclipseLogger - Using 'UTF-8' encoding to copy filtered resources.
2021-07-28 02:58:13,072 [Worker-29: Building] INFO  o.e.m.c.i.embedder.EclipseLogger - Using 'UTF-8' encoding to copy filtered properties files.
2021-07-28 02:58:13,073 [Worker-29: Building] INFO  o.e.m.c.i.embedder.EclipseLogger - skip non existing resourceDirectory C:\Users\rafae\Videos\Projeto-Eventos\eventosapp2\src\test\resources
2021-07-28 03:01:24,504 [Worker-29: Updating Maven Project] INFO  o.e.m.c.i.p.ProjectConfigurationManager - Update started
2021-07-28 03:01:24,892 [Worker-29: Updating Maven Project] INFO  o.e.m.c.i.l.LifecycleMappingFactory - Using org.eclipse.m2e.jdt.JarLifecycleMapping lifecycle mapping for MavenProject: com.eventoapp:eventoapp:0.0.1-SNAPSHOT @ C:\Users\rafae\Videos\Projeto-Eventos\eventosapp2\pom.xml.
2021-07-28 03:01:25,230 [Worker-29: Updating Maven Project] INFO  o.e.m.c.i.p.ProjectConfigurationManager - Update completed: 0 sec
2021-07-28 03:01:26,025 [Worker-30: Building] INFO  o.e.m.c.i.embedder.EclipseLogger - Using 'UTF-8' encoding to copy filtered resources.
2021-07-28 03:01:26,027 [Worker-30: Building] INFO  o.e.m.c.i.embedder.EclipseLogger - Using 'UTF-8' encoding to copy filtered properties files.
2021-07-28 03:01:26,027 [Worker-30: Building] INFO  o.e.m.c.i.embedder.EclipseLogger - Copying 1 resource
2021-07-28 03:01:26,037 [Worker-30: Building] INFO  o.e.m.c.i.embedder.EclipseLogger - Copying 2 resources
2021-07-28 03:01:26,045 [Worker-30: Building] INFO  o.e.m.c.i.embedder.EclipseLogger - Using 'UTF-8' encoding to copy filtered resources.
2021-07-28 03:01:26,045 [Worker-30: Building] INFO  o.e.m.c.i.embedder.EclipseLogger - Using 'UTF-8' encoding to copy filtered properties files.
2021-07-28 03:01:26,045 [Worker-30: Building] INFO  o.e.m.c.i.embedder.EclipseLogger - skip non existing resourceDirectory C:\Users\rafae\Videos\Projeto-Eventos\eventosapp2\src\test\resources
2021-07-28 03:01:40,594 [Worker-30: Launching Executing clean in C__Users_rafae_Videos_Projeto-Eventos_eventosapp2] INFO  o.e.m.i.launch.MavenLaunchDelegate - C:\Users\rafae\Videos\Projeto-Eventos\eventosapp2
2021-07-28 03:01:40,594 [Worker-30: Launching Executing clean in C__Users_rafae_Videos_Projeto-Eventos_eventosapp2] INFO  o.e.m.i.launch.MavenLaunchDelegate -  mvn -B clean
2021-07-28 03:01:42,813 [Worker-30: Building] INFO  o.e.m.c.i.embedder.EclipseLogger - Using 'UTF-8' encoding to copy filtered resources.
2021-07-28 03:01:42,813 [Worker-30: Building] INFO  o.e.m.c.i.embedder.EclipseLogger - Using 'UTF-8' encoding to copy filtered properties files.
2021-07-28 03:01:42,815 [Worker-30: Building] INFO  o.e.m.c.i.embedder.EclipseLogger - Copying 1 resource
2021-07-28 03:01:42,817 [Worker-30: Building] INFO  o.e.m.c.i.embedder.EclipseLogger - Copying 2 resources
2021-07-28 03:01:42,825 [Worker-30: Building] INFO  o.e.m.c.i.embedder.EclipseLogger - Using 'UTF-8' encoding to copy filtered resources.
2021-07-28 03:01:42,825 [Worker-30: Building] INFO  o.e.m.c.i.embedder.EclipseLogger - Using 'UTF-8' encoding to copy filtered properties files.
2021-07-28 03:01:42,825 [Worker-30: Building] INFO  o.e.m.c.i.embedder.EclipseLogger - skip non existing resourceDirectory C:\Users\rafae\Videos\Projeto-Eventos\eventosapp2\src\test\resources
2021-07-28 03:01:45,269 [Worker-29: Launching Executing install in C__Users_rafae_Videos_Projeto-Eventos_eventosapp2] INFO  o.e.m.i.launch.MavenLaunchDelegate - C:\Users\rafae\Videos\Projeto-Eventos\eventosapp2
2021-07-28 03:01:45,269 [Worker-29: Launching Executing install in C__Users_rafae_Videos_Projeto-Eventos_eventosapp2] INFO  o.e.m.i.launch.MavenLaunchDelegate -  mvn -B install
2021-07-28 03:01:53,677 [Worker-33: Building] INFO  o.e.m.c.i.embedder.EclipseLogger - Using 'UTF-8' encoding to copy filtered resources.
2021-07-28 03:01:53,678 [Worker-33: Building] INFO  o.e.m.c.i.embedder.EclipseLogger - Using 'UTF-8' encoding to copy filtered properties files.
2021-07-28 03:01:53,679 [Worker-33: Building] INFO  o.e.m.c.i.embedder.EclipseLogger - Copying 1 resource
2021-07-28 03:01:53,684 [Worker-33: Building] INFO  o.e.m.c.i.embedder.EclipseLogger - Copying 2 resources
2021-07-28 03:01:53,686 [Worker-33: Building] INFO  o.e.m.c.i.embedder.EclipseLogger - Using 'UTF-8' encoding to copy filtered resources.
2021-07-28 03:01:53,686 [Worker-33: Building] INFO  o.e.m.c.i.embedder.EclipseLogger - Using 'UTF-8' encoding to copy filtered properties files.
2021-07-28 03:01:53,686 [Worker-33: Building] INFO  o.e.m.c.i.embedder.EclipseLogger - skip non existing resourceDirectory C:\Users\rafae\Videos\Projeto-Eventos\eventosapp2\src\test\resources
2021-07-28 03:02:11,047 [Worker-34: Updating Maven Project] INFO  o.e.m.c.i.p.ProjectConfigurationManager - Update started
2021-07-28 03:02:11,500 [Worker-34: Updating Maven Project] INFO  o.e.m.c.i.l.LifecycleMappingFactory - Using org.eclipse.m2e.jdt.JarLifecycleMapping lifecycle mapping for MavenProject: com.eventoapp:eventoapp:0.0.1-SNAPSHOT @ C:\Users\rafae\Videos\Projeto-Eventos\eventosapp2\pom.xml.
2021-07-28 03:02:11,980 [Worker-34: Updating Maven Project] INFO  o.e.m.c.i.p.ProjectConfigurationManager - Update completed: 0 sec
2021-07-28 03:02:12,645 [Worker-35: Building] INFO  o.e.m.c.i.embedder.EclipseLogger - Using 'UTF-8' encoding to copy filtered resources.
2021-07-28 03:02:12,646 [Worker-35: Building] INFO  o.e.m.c.i.embedder.EclipseLogger - Using 'UTF-8' encoding to copy filtered properties files.
2021-07-28 03:02:12,647 [Worker-35: Building] INFO  o.e.m.c.i.embedder.EclipseLogger - Copying 1 resource
2021-07-28 03:02:12,662 [Worker-35: Building] INFO  o.e.m.c.i.embedder.EclipseLogger - Copying 2 resources
2021-07-28 03:02:12,671 [Worker-35: Building] INFO  o.e.m.c.i.embedder.EclipseLogger - Using 'UTF-8' encoding to copy filtered resources.
2021-07-28 03:02:12,671 [Worker-35: Building] INFO  o.e.m.c.i.embedder.EclipseLogger - Using 'UTF-8' encoding to copy filtered properties files.
2021-07-28 03:02:12,671 [Worker-35: Building] INFO  o.e.m.c.i.embedder.EclipseLogger - skip non existing resourceDirectory C:\Users\rafae\Videos\Projeto-Eventos\eventosapp2\src\test\resources
2021-07-28 03:04:31,528 [Worker-37: Launching eventosapp2] INFO  o.e.m.i.launch.MavenLaunchDelegate - C:\Users\rafae\Videos\Projeto-Eventos\eventosapp2
2021-07-28 03:04:31,529 [Worker-37: Launching eventosapp2] INFO  o.e.m.i.launch.MavenLaunchDelegate -  mvn -B 
2021-07-28 03:06:12,317 [Worker-39: Launching eventosapp2] INFO  o.e.m.i.launch.MavenLaunchDelegate - C:\Users\rafae\Videos\Projeto-Eventos\eventosapp2
2021-07-28 03:06:12,318 [Worker-39: Launching eventosapp2] INFO  o.e.m.i.launch.MavenLaunchDelegate -  mvn -B 
2021-07-28 03:07:41,258 [Worker-37: Launching Executing install in C__Users_rafae_Videos_Projeto-Eventos_eventosapp2] INFO  o.e.m.i.launch.MavenLaunchDelegate - C:\Users\rafae\Videos\Projeto-Eventos\eventosapp2
2021-07-28 03:07:41,258 [Worker-37: Launching Executing install in C__Users_rafae_Videos_Projeto-Eventos_eventosapp2] INFO  o.e.m.i.launch.MavenLaunchDelegate -  mvn -B install
2021-07-28 03:07:48,007 [Worker-40: Building] INFO  o.e.m.c.i.embedder.EclipseLogger - Using 'UTF-8' encoding to copy filtered resources.
2021-07-28 03:07:48,008 [Worker-40: Building] INFO  o.e.m.c.i.embedder.EclipseLogger - Using 'UTF-8' encoding to copy filtered properties files.
2021-07-28 03:07:48,009 [Worker-40: Building] INFO  o.e.m.c.i.embedder.EclipseLogger - Copying 0 resource
2021-07-28 03:07:48,009 [Worker-40: Building] INFO  o.e.m.c.i.embedder.EclipseLogger - Copying 0 resource
2021-07-28 03:07:48,011 [Worker-40: Building] INFO  o.e.m.c.i.embedder.EclipseLogger - Using 'UTF-8' encoding to copy filtered resources.
2021-07-28 03:07:48,011 [Worker-40: Building] INFO  o.e.m.c.i.embedder.EclipseLogger - Using 'UTF-8' encoding to copy filtered properties files.
2021-07-28 03:07:48,011 [Worker-40: Building] INFO  o.e.m.c.i.embedder.EclipseLogger - skip non existing resourceDirectory C:\Users\rafae\Videos\Projeto-Eventos\eventosapp2\src\test\resources
2021-07-28 03:08:05,370 [Worker-39: Launching Executing install in C__Users_rafae_Videos_Projeto-Eventos_eventosapp2] INFO  o.e.m.i.launch.MavenLaunchDelegate - C:\Users\rafae\Videos\Projeto-Eventos\eventosapp2
2021-07-28 03:08:05,370 [Worker-39: Launching Executing install in C__Users_rafae_Videos_Projeto-Eventos_eventosapp2] INFO  o.e.m.i.launch.MavenLaunchDelegate -  mvn -B install
2021-07-28 03:08:12,271 [Worker-39: Building] INFO  o.e.m.c.i.embedder.EclipseLogger - Using 'UTF-8' encoding to copy filtered resources.
2021-07-28 03:08:12,271 [Worker-39: Building] INFO  o.e.m.c.i.embedder.EclipseLogger - Using 'UTF-8' encoding to copy filtered properties files.
2021-07-28 03:08:12,272 [Worker-39: Building] INFO  o.e.m.c.i.embedder.EclipseLogger - Copying 0 resource
2021-07-28 03:08:12,272 [Worker-39: Building] INFO  o.e.m.c.i.embedder.EclipseLogger - Copying 0 resource
2021-07-28 03:08:12,273 [Worker-39: Building] INFO  o.e.m.c.i.embedder.EclipseLogger - Using 'UTF-8' encoding to copy filtered resources.
2021-07-28 03:08:12,274 [Worker-39: Building] INFO  o.e.m.c.i.embedder.EclipseLogger - Using 'UTF-8' encoding to copy filtered properties files.
2021-07-28 03:08:12,274 [Worker-39: Building] INFO  o.e.m.c.i.embedder.EclipseLogger - skip non existing resourceDirectory C:\Users\rafae\Videos\Projeto-Eventos\eventosapp2\src\test\resources
2021-07-28 03:10:22,935 [Worker-43: Building] INFO  o.e.m.c.i.embedder.EclipseLogger - Using 'UTF-8' encoding to copy filtered resources.
2021-07-28 03:10:22,936 [Worker-43: Building] INFO  o.e.m.c.i.embedder.EclipseLogger - Using 'UTF-8' encoding to copy filtered properties files.
2021-07-28 03:10:22,936 [Worker-43: Building] INFO  o.e.m.c.i.embedder.EclipseLogger - Copying 0 resource
2021-07-28 03:10:22,937 [Worker-43: Building] INFO  o.e.m.c.i.embedder.EclipseLogger - Copying 0 resource
2021-07-28 03:10:22,939 [Worker-43: Building] INFO  o.e.m.c.i.embedder.EclipseLogger - Using 'UTF-8' encoding to copy filtered resources.
2021-07-28 03:10:22,939 [Worker-43: Building] INFO  o.e.m.c.i.embedder.EclipseLogger - Using 'UTF-8' encoding to copy filtered properties files.
2021-07-28 03:10:22,939 [Worker-43: Building] INFO  o.e.m.c.i.embedder.EclipseLogger - skip non existing resourceDirectory C:\Users\rafae\Videos\Projeto-Eventos\eventosapp2\src\test\resources
2021-07-28 03:10:23,959 [Worker-44: Building] INFO  o.e.m.c.i.embedder.EclipseLogger - Using 'UTF-8' encoding to copy filtered resources.
2021-07-28 03:10:23,959 [Worker-44: Building] INFO  o.e.m.c.i.embedder.EclipseLogger - Using 'UTF-8' encoding to copy filtered properties files.
2021-07-28 03:10:23,959 [Worker-44: Building] INFO  o.e.m.c.i.embedder.EclipseLogger - Copying 0 resource
2021-07-28 03:10:23,960 [Worker-44: Building] INFO  o.e.m.c.i.embedder.EclipseLogger - Copying 0 resource
2021-07-28 03:10:23,961 [Worker-44: Building] INFO  o.e.m.c.i.embedder.EclipseLogger - Using 'UTF-8' encoding to copy filtered resources.
2021-07-28 03:10:23,961 [Worker-44: Building] INFO  o.e.m.c.i.embedder.EclipseLogger - Using 'UTF-8' encoding to copy filtered properties files.
2021-07-28 03:10:23,961 [Worker-44: Building] INFO  o.e.m.c.i.embedder.EclipseLogger - skip non existing resourceDirectory C:\Users\rafae\Videos\Projeto-Eventos\eventosapp2\src\test\resources
2021-07-28 03:10:25,442 [Worker-40: Building] INFO  o.e.m.c.i.embedder.EclipseLogger - Using 'UTF-8' encoding to copy filtered resources.
2021-07-28 03:10:25,442 [Worker-40: Building] INFO  o.e.m.c.i.embedder.EclipseLogger - Using 'UTF-8' encoding to copy filtered properties files.
2021-07-28 03:10:25,443 [Worker-40: Building] INFO  o.e.m.c.i.embedder.EclipseLogger - Copying 0 resource
2021-07-28 03:10:25,443 [Worker-40: Building] INFO  o.e.m.c.i.embedder.EclipseLogger - Copying 0 resource
2021-07-28 03:10:25,444 [Worker-40: Building] INFO  o.e.m.c.i.embedder.EclipseLogger - Using 'UTF-8' encoding to copy filtered resources.
2021-07-28 03:10:25,444 [Worker-40: Building] INFO  o.e.m.c.i.embedder.EclipseLogger - Using 'UTF-8' encoding to copy filtered properties files.
2021-07-28 03:10:25,445 [Worker-40: Building] INFO  o.e.m.c.i.embedder.EclipseLogger - skip non existing resourceDirectory C:\Users\rafae\Videos\Projeto-Eventos\eventosapp2\src\test\resources
2021-07-28 03:12:00,187 [Worker-3: Loading available Gradle versions] INFO  o.e.b.c.i.u.g.PublishedGradleVersions - Gradle version information cache is up-to-date. Trying to read.
2021-07-28 03:12:03,101 [Worker-12: Updating Maven Dependencies] INFO  o.e.m.c.i.l.LifecycleMappingFactory - Using org.eclipse.m2e.jdt.JarLifecycleMapping lifecycle mapping for MavenProject: com.eventoapp:eventoapp:0.0.1-SNAPSHOT @ C:\Users\rafae\Videos\Projeto-Eventos\eventosapp2\pom.xml.
2021-07-28 03:12:06,580 [Worker-17: Building] INFO  o.e.m.c.i.embedder.EclipseLogger - Using 'UTF-8' encoding to copy filtered resources.
2021-07-28 03:12:06,580 [Worker-17: Building] INFO  o.e.m.c.i.embedder.EclipseLogger - Using 'UTF-8' encoding to copy filtered properties files.
2021-07-28 03:12:06,586 [Worker-17: Building] INFO  o.e.m.c.i.embedder.EclipseLogger - Copying 1 resource
2021-07-28 03:12:06,609 [Worker-17: Building] INFO  o.e.m.c.i.embedder.EclipseLogger - Copying 2 resources
2021-07-28 03:12:06,625 [Worker-17: Building] INFO  o.e.m.c.i.embedder.EclipseLogger - Using 'UTF-8' encoding to copy filtered resources.
2021-07-28 03:12:06,625 [Worker-17: Building] INFO  o.e.m.c.i.embedder.EclipseLogger - Using 'UTF-8' encoding to copy filtered properties files.
2021-07-28 03:12:06,626 [Worker-17: Building] INFO  o.e.m.c.i.embedder.EclipseLogger - skip non existing resourceDirectory C:\Users\rafae\Videos\Projeto-Eventos\eventosapp2\src\test\resources
2021-07-28 03:13:24,429 [Worker-6: Building] INFO  o.e.m.c.i.embedder.EclipseLogger - Using 'UTF-8' encoding to copy filtered resources.
2021-07-28 03:13:24,429 [Worker-6: Building] INFO  o.e.m.c.i.embedder.EclipseLogger - Using 'UTF-8' encoding to copy filtered properties files.
2021-07-28 03:13:24,431 [Worker-6: Building] INFO  o.e.m.c.i.embedder.EclipseLogger - Copying 0 resource
2021-07-28 03:13:24,432 [Worker-6: Building] INFO  o.e.m.c.i.embedder.EclipseLogger - Copying 0 resource
2021-07-28 03:13:24,436 [Worker-6: Building] INFO  o.e.m.c.i.embedder.EclipseLogger - Using 'UTF-8' encoding to copy filtered resources.
2021-07-28 03:13:24,436 [Worker-6: Building] INFO  o.e.m.c.i.embedder.EclipseLogger - Using 'UTF-8' encoding to copy filtered properties files.
2021-07-28 03:13:24,436 [Worker-6: Building] INFO  o.e.m.c.i.embedder.EclipseLogger - skip non existing resourceDirectory C:\Users\rafae\Videos\Projeto-Eventos\eventosapp2\src\test\resources
2021-07-28 03:15:02,764 [Worker-15: Launching Executing install in C__Users_rafae_Videos_Projeto-Eventos_eventosapp2] INFO  o.e.m.i.launch.MavenLaunchDelegate - C:\Users\rafae\Videos\Projeto-Eventos\eventosapp2
2021-07-28 03:15:02,765 [Worker-15: Launching Executing install in C__Users_rafae_Videos_Projeto-Eventos_eventosapp2] INFO  o.e.m.i.launch.MavenLaunchDelegate -  mvn -B install -Dstyle.color=always
2021-07-28 03:15:09,859 [Worker-10: Building] INFO  o.e.m.c.i.embedder.EclipseLogger - Using 'UTF-8' encoding to copy filtered resources.
2021-07-28 03:15:09,860 [Worker-10: Building] INFO  o.e.m.c.i.embedder.EclipseLogger - Using 'UTF-8' encoding to copy filtered properties files.
2021-07-28 03:15:09,861 [Worker-10: Building] INFO  o.e.m.c.i.embedder.EclipseLogger - Copying 0 resource
2021-07-28 03:15:09,861 [Worker-10: Building] INFO  o.e.m.c.i.embedder.EclipseLogger - Copying 0 resource
2021-07-28 03:15:09,864 [Worker-10: Building] INFO  o.e.m.c.i.embedder.EclipseLogger - Using 'UTF-8' encoding to copy filtered resources.
2021-07-28 03:15:09,864 [Worker-10: Building] INFO  o.e.m.c.i.embedder.EclipseLogger - Using 'UTF-8' encoding to copy filtered properties files.
2021-07-28 03:15:09,864 [Worker-10: Building] INFO  o.e.m.c.i.embedder.EclipseLogger - skip non existing resourceDirectory C:\Users\rafae\Videos\Projeto-Eventos\eventosapp2\src\test\resources
2021-07-28 03:16:34,727 [Worker-12: Launching Executing clean in C__Users_rafae_Videos_Projeto-Eventos_eventosapp2] INFO  o.e.m.i.launch.MavenLaunchDelegate - C:\Users\rafae\Videos\Projeto-Eventos\eventosapp2
2021-07-28 03:16:34,727 [Worker-12: Launching Executing clean in C__Users_rafae_Videos_Projeto-Eventos_eventosapp2] INFO  o.e.m.i.launch.MavenLaunchDelegate -  mvn -B clean -Dstyle.color=always
2021-07-28 03:16:37,202 [Worker-11: Building] INFO  o.e.m.c.i.embedder.EclipseLogger - Using 'UTF-8' encoding to copy filtered resources.
2021-07-28 03:16:37,202 [Worker-11: Building] INFO  o.e.m.c.i.embedder.EclipseLogger - Using 'UTF-8' encoding to copy filtered properties files.
2021-07-28 03:16:37,205 [Worker-11: Building] INFO  o.e.m.c.i.embedder.EclipseLogger - Copying 1 resource
2021-07-28 03:16:37,209 [Worker-11: Building] INFO  o.e.m.c.i.embedder.EclipseLogger - Copying 2 resources
2021-07-28 03:16:37,222 [Worker-11: Building] INFO  o.e.m.c.i.embedder.EclipseLogger - Using 'UTF-8' encoding to copy filtered resources.
2021-07-28 03:16:37,223 [Worker-11: Building] INFO  o.e.m.c.i.embedder.EclipseLogger - Using 'UTF-8' encoding to copy filtered properties files.
2021-07-28 03:16:37,223 [Worker-11: Building] INFO  o.e.m.c.i.embedder.EclipseLogger - skip non existing resourceDirectory C:\Users\rafae\Videos\Projeto-Eventos\eventosapp2\src\test\resources
